[debug] [2021-11-04T14:02:19.962Z] ----------------------------------------------------------------------
[debug] [2021-11-04T14:02:19.964Z] Command:       C:\Program Files\nodejs\node.exe C:\Users\Paul Mackay\AppData\Roaming\npm\node_modules\firebase-tools\lib\bin\firebase.js init
[debug] [2021-11-04T14:02:19.964Z] CLI Version:   9.21.0
[debug] [2021-11-04T14:02:19.965Z] Platform:      win32
[debug] [2021-11-04T14:02:19.965Z] Node Version:  v16.11.1
[debug] [2021-11-04T14:02:19.965Z] Time:          Thu Nov 04 2021 14:02:19 GMT+0000 (Greenwich Mean Time)
[debug] [2021-11-04T14:02:19.966Z] ----------------------------------------------------------------------
[debug] 
[debug] [2021-11-04T14:02:19.972Z] > command requires scopes: ["email","openid","https://www.googleapis.com/auth/cloudplatformprojects.readonly","https://www.googleapis.com/auth/firebase","https://www.googleapis.com/auth/cloud-platform"]
[debug] [2021-11-04T14:02:19.972Z] > authorizing via signed-in user (paul.m.mackay85@gmail.com)
[info] 
     ######## #### ########  ######## ########     ###     ######  ########
     ##        ##  ##     ## ##       ##     ##  ##   ##  ##       ##
     ######    ##  ########  ######   ########  #########  ######  ######
     ##        ##  ##    ##  ##       ##     ## ##     ##       ## ##
     ##       #### ##     ## ######## ########  ##     ##  ######  ########

You're about to initialize a Firebase project in this directory:

  C:\Users\Paul Mackay\Desktop\Router

[info] 
=== Project Setup
[info] 
[info] First, let's associate this project directory with a Firebase project.
[info] You can create multiple project aliases by running firebase use --add, 
[info] but for now we'll just set up a default project.
[info] 
[debug] [2021-11-04T14:03:36.947Z] >>> [apiv2][query] GET https://firebase.googleapis.com/v1beta1/projects pageSize=100
[debug] [2021-11-04T14:03:37.374Z] <<< [apiv2][status] GET https://firebase.googleapis.com/v1beta1/projects 200
[debug] [2021-11-04T14:03:37.374Z] <<< [apiv2][body] GET https://firebase.googleapis.com/v1beta1/projects [omitted]
[info] i  Using project quotes-273e3 (Quotes) 
[info] 
=== Hosting Setup
[info] 
[info] Your public directory is the folder (relative to your project directory) that
[info] will contain Hosting assets to be uploaded with firebase deploy. If you
[info] have a build process for your assets, use your build's output directory.
[info] 
